<?xml version="1.0" encoding="UTF-8"?>
<!-- Generated by org.testng.reporters.JUnitXMLReporter -->
<testsuite hostname="TALAN-OKCHBNQ" failures="0" tests="5" name="Command line test" time="7.384" errors="0" timestamp="10 Aug 2022 09:38:00 GMT">
  <testcase classname="TestLogin.TestLogin" name="i_am_on_TA_login_Page" time="6.029"/>
  <testcase classname="TestLogin.TestLogin" name="i_add_my_mail" time="0.285"/>
  <testcase classname="TestLogin.TestLogin" name="click_on_OK" time="0.947"/>
  <testcase classname="TestLogin.TestLogin" name="the_dashboard_will_be_opened" time="0.048"/>
  <testcase classname="TestLogin.TestLogin" name="the_browser_must_be_closed" time="0.067"/>
</testsuite> <!-- Command line test -->
