<?xml version="1.0" encoding="UTF-8"?>
<!-- Generated by org.testng.reporters.JUnitXMLReporter -->
<testsuite hostname="TALAN-OKCHBNQ" failures="0" tests="5" name="Command line test" time="22.423" errors="0" timestamp="9 Aug 2022 08:10:36 GMT">
  <testcase classname="TestLogin.TestLogin" name="i_am_on_TA_login_Page" time="17.92"/>
  <testcase classname="TestLogin.TestLogin" name="i_add_my_mail" time="0.267"/>
  <testcase classname="TestLogin.TestLogin" name="click_on_OK" time="3.896"/>
  <testcase classname="TestLogin.TestLogin" name="the_dashboard_will_be_opened" time="0.049"/>
  <testcase classname="TestLogin.TestLogin" name="the_browser_must_be_closed" time="0.284"/>
</testsuite> <!-- Command line test -->
