<?xml version="1.0" encoding="UTF-8"?>
<testng-results total="5" passed="5" failed="0" skipped="0">
  <reporter-output>
  </reporter-output>
  <suite started-at="2022-08-10T09:37:53Z" name="TestLogin.TestLogin" finished-at="2022-08-10T09:38:00Z" duration-ms="7384">
    <groups>
    </groups>
    <test started-at="2022-08-10T09:37:53Z" name="Command line test" finished-at="2022-08-10T09:38:00Z" duration-ms="7384">
      <class name="TestLogin.TestLogin">
        <test-method signature="i_am_on_TA_login_Page()[pri:0, instance:TestLogin.TestLogin@661972b0]" started-at="2022-08-10T10:37:53Z" name="i_am_on_TA_login_Page" finished-at="2022-08-10T10:37:59Z" duration-ms="6029" status="PASS">
          <reporter-output>
          </reporter-output>
        </test-method> <!-- i_am_on_TA_login_Page -->
        <test-method signature="i_add_my_mail()[pri:0, instance:TestLogin.TestLogin@661972b0]" started-at="2022-08-10T10:37:59Z" name="i_add_my_mail" finished-at="2022-08-10T10:37:59Z" duration-ms="285" status="PASS">
          <reporter-output>
          </reporter-output>
        </test-method> <!-- i_add_my_mail -->
        <test-method signature="click_on_OK()[pri:0, instance:TestLogin.TestLogin@661972b0]" started-at="2022-08-10T10:37:59Z" name="click_on_OK" finished-at="2022-08-10T10:38:00Z" duration-ms="947" status="PASS">
          <reporter-output>
          </reporter-output>
        </test-method> <!-- click_on_OK -->
        <test-method signature="the_dashboard_will_be_opened()[pri:0, instance:TestLogin.TestLogin@661972b0]" started-at="2022-08-10T10:38:00Z" name="the_dashboard_will_be_opened" finished-at="2022-08-10T10:38:00Z" duration-ms="48" status="PASS">
          <reporter-output>
          </reporter-output>
        </test-method> <!-- the_dashboard_will_be_opened -->
        <test-method signature="the_browser_must_be_closed()[pri:0, instance:TestLogin.TestLogin@661972b0]" started-at="2022-08-10T10:38:00Z" name="the_browser_must_be_closed" finished-at="2022-08-10T10:38:00Z" duration-ms="67" status="PASS">
          <reporter-output>
          </reporter-output>
        </test-method> <!-- the_browser_must_be_closed -->
      </class> <!-- TestLogin.TestLogin -->
    </test> <!-- Command line test -->
  </suite> <!-- TestLogin.TestLogin -->
</testng-results>
